<?xml version="1.0" encoding="UTF-8"?>
<coverage generated="1720184792220" clover="3.2.0">
  <project timestamp="1720184792220" name="All files">
    <metrics statements="1" coveredstatements="1" conditionals="0" coveredconditionals="0" methods="1" coveredmethods="1" elements="2" coveredelements="2" complexity="0" loc="1" ncloc="1" packages="1" files="1" classes="1"/>
    <file name="sum.ts" path="/home/timon/newBranch/repository/web/sum.ts">
      <metrics statements="1" coveredstatements="1" conditionals="0" coveredconditionals="0" methods="1" coveredmethods="1"/>
      <line num="7" count="1" type="stmt"/>
    </file>
  </project>
</coverage>
<?xml version="1.0" encoding="UTF-8"?>
<coverage generated="1719845894894" clover="3.2.0">
  <project timestamp="1719845894894" name="All files">
    <metrics statements="0" coveredstatements="0" conditionals="0" coveredconditionals="0" methods="0" coveredmethods="0" elements="0" coveredelements="0" complexity="0" loc="0" ncloc="0" packages="0" files="0" classes="0"/>
  </project>
</coverage>
