{"/home/timon/newBranch/repository/web/sum.ts": {"path":"/home/timon/newBranch/repository/web/sum.ts","statementMap":{"0":{"start":{"line":7,"column":4},"end":{"line":7,"column":17}}},"fnMap":{"0":{"name":"sum","decl":{"start":{"line":6,"column":16},"end":{"line":6,"column":19}},"loc":{"start":{"line":6,"column":50},"end":{"line":8,"column":3}},"line":6}},"branchMap":{},"s":{"0":1},"f":{"0":1},"b":{},"_coverageSchema":"1a1c01bbd47fc00a2c39e90264f33305004495a9","hash":"b95b05506eaeab53a82d2e51470dd411147e1d14"}
}
